
## ---------------------- ##
## Running config.status. ##
## ---------------------- ##

This file was extended by GRUB config.status 2.02, which was
generated by GNU Autoconf 2.69.  Invocation command line was

  CONFIG_FILES    = 
  CONFIG_HEADERS  = 
  CONFIG_LINKS    = 
  CONFIG_COMMANDS = 
  $ ../config.status --file=gensyminfo.sh:-

on mino-HP-Pavilion-dv6700-Notebook-PC

config.status:2099: creating gensyminfo.sh

## ---------------------- ##
## Running config.status. ##
## ---------------------- ##

This file was extended by GRUB config.status 2.02, which was
generated by GNU Autoconf 2.69.  Invocation command line was

  CONFIG_FILES    = 
  CONFIG_HEADERS  = 
  CONFIG_LINKS    = 
  CONFIG_COMMANDS = 
  $ ../config.status --file=genmod.sh:-

on mino-HP-Pavilion-dv6700-Notebook-PC

config.status:2099: creating genmod.sh

## ---------------------- ##
## Running config.status. ##
## ---------------------- ##

This file was extended by GRUB config.status 2.02, which was
generated by GNU Autoconf 2.69.  Invocation command line was

  CONFIG_FILES    = 
  CONFIG_HEADERS  = 
  CONFIG_LINKS    = 
  CONFIG_COMMANDS = 
  $ ../config.status --file=modinfo.sh:-

on mino-HP-Pavilion-dv6700-Notebook-PC

config.status:2099: creating modinfo.sh

## ---------------------- ##
## Running config.status. ##
## ---------------------- ##

This file was extended by GRUB config.status 2.02, which was
generated by GNU Autoconf 2.69.  Invocation command line was

  CONFIG_FILES    = 
  CONFIG_HEADERS  = 
  CONFIG_LINKS    = 
  CONFIG_COMMANDS = 
  $ ../config.status --file=gmodule.pl:-

on mino-HP-Pavilion-dv6700-Notebook-PC

config.status:2099: creating gmodule.pl

## ---------------------- ##
## Running config.status. ##
## ---------------------- ##

This file was extended by GRUB config.status 2.02, which was
generated by GNU Autoconf 2.69.  Invocation command line was

  CONFIG_FILES    = 
  CONFIG_HEADERS  = 
  CONFIG_LINKS    = 
  CONFIG_COMMANDS = 
  $ ../config.status --file=gdb_grub:-

on mino-HP-Pavilion-dv6700-Notebook-PC

config.status:2099: creating gdb_grub
